<?xml version="1.0" encoding="UTF-8"?>
<testsuites name="Login_Test" time="92.857" tests="2" failures="0" errors="0">
   <testsuite name="Login_Test" tests="2" failures="0" errors="0" time="92.857" skipped="0" timestamp="24-01-2024T13:50:44" hostname="Win11 - Arnab-er" id="Test Suites/Login_Test">
      <properties>
         <property name="deviceName" value=""/>
         <property name="devicePlatform" value=""/>
         <property name="logFolder" value="C:\\Users\\Win11\\git\\katalon_amazon_testing\\Reports\\20240124_135036\\Login_Test\\20240124_135037"/>
         <property name="logFiles" value="C:\\Users\\Win11\\git\\katalon_amazon_testing\\Reports\\20240124_135036\\Login_Test\\20240124_135037\\execution0.log"/>
         <property name="attachments" value="C:\\Users\\Win11\\git\\katalon_amazon_testing\\Reports\\20240124_135036\\Login_Test\\20240124_135037\\1706084521997.png"/>
         <property name="hostName" value="Win11 - Arnab-er"/>
         <property name="os" value="Windows 11 64bit"/>
         <property name="katalonVersion" value="9.1.0.212"/>
         <property name="browser" value="Chrome 120.0.0.0"/>
         <property name="hostAddress" value="192.168.22.7"/>
         <property name="sessionId" value="15e44a9bf36d9c9d8728cdf03c9bd9fc"/>
         <property name="seleniumVersion" value="3.141.59"/>
         <property name="proxyInformation" value="ProxyInformation { proxyOption=NO_PROXY, proxyServerType=HTTP, username=, password=********, proxyServerAddress=, proxyServerPort=0, executionList=&quot;&quot;, isApplyToDesiredCapabilities=true }"/>
         <property name="platform" value="Windows 11"/>
      </properties>
      <testcase name="Test Cases/TC_Amazon_Home_002.1" time="14.266" classname="Test Cases/TC_Amazon_Home_002.1" status="PASSED">
         <system-out><![CDATA[24-01-2024T13:50:44 - [TEST_CASE][PASSED] - Test Cases/TC_Amazon_Home_002.1: Test Cases/TC_Amazon_Home_002.1

24-01-2024T13:50:45 - [TEST_STEP][PASSED] - openBrowser(""): Browser is opened with url: ''

24-01-2024T13:50:45 - [MESSAGE][INFO] - Starting 'Chrome' driver

24-01-2024T13:50:45 - [MESSAGE][INFO] - Action delay is set to 0 milliseconds

24-01-2024T13:50:48 - [MESSAGE][PASSED] - Browser is opened with url: ''

24-01-2024T13:50:48 - [TEST_STEP][PASSED] - navigateToUrl("https://www.amazon.in/"): Navigate to 'https://www.amazon.in/' successfully

24-01-2024T13:50:50 - [MESSAGE][PASSED] - Navigate to 'https://www.amazon.in/' successfully

24-01-2024T13:50:50 - [TEST_STEP][PASSED] - click(findTestObject("Object Repository/Login_Test/Page_Online Shopping site in India Shop Onl_10c5f3/span_Sign in")): Object: 'Object Repository/Login_Test/Page_Online Shopping site in India Shop Onl_10c5f3/span_Sign in' is clicked on

24-01-2024T13:50:54 - [MESSAGE][PASSED] - Object: 'Object Repository/Login_Test/Page_Online Shopping site in India Shop Onl_10c5f3/span_Sign in' is clicked on

24-01-2024T13:50:54 - [TEST_STEP][PASSED] - setText(findTestObject("Object Repository/Login_Test/Page_Amazon Sign In/input_email"), "arnabbaruajsr@gmail.com"): Text 'arnabbaruajsr@gmail.com' is set on object 'Object Repository/Login_Test/Page_Amazon Sign In/input_email'

24-01-2024T13:50:55 - [MESSAGE][PASSED] - Text 'arnabbaruajsr@gmail.com' is set on object 'Object Repository/Login_Test/Page_Amazon Sign In/input_email'

24-01-2024T13:50:55 - [TEST_STEP][PASSED] - click(findTestObject("Object Repository/Login_Test/Page_Amazon Sign In/inputcontinue")): Object: 'Object Repository/Login_Test/Page_Amazon Sign In/inputcontinue' is clicked on

24-01-2024T13:50:57 - [MESSAGE][PASSED] - Object: 'Object Repository/Login_Test/Page_Amazon Sign In/inputcontinue' is clicked on

24-01-2024T13:50:57 - [TEST_STEP][PASSED] - setEncryptedText(findTestObject("Object Repository/Login_Test/Page_Amazon Sign In/input_password"), "9N/NeoNUwAmOpqY2L/5HEg=="): Text ****** has been set on object 'Object Repository/Login_Test/Page_Amazon Sign In/input_password'

24-01-2024T13:50:58 - [MESSAGE][PASSED] - Text ****** has been set on object 'Object Repository/Login_Test/Page_Amazon Sign In/input_password'

24-01-2024T13:50:58 - [TEST_STEP][PASSED] - click(findTestObject("Object Repository/Login_Test/Page_Amazon Sign In/inputsignInSubmit")): Object: 'Object Repository/Login_Test/Page_Amazon Sign In/inputsignInSubmit' is clicked on

24-01-2024T13:50:58 - [MESSAGE][PASSED] - Object: 'Object Repository/Login_Test/Page_Amazon Sign In/inputsignInSubmit' is clicked on

24-01-2024T13:50:58 - [TEST_STEP][PASSED] - closeBrowser(): Browser is closed

24-01-2024T13:50:59 - [MESSAGE][PASSED] - Browser is closed]]></system-out>
         <system-err><![CDATA[]]></system-err>
      </testcase>
      <testcase name="Test Cases/TC_Amazon_Home_002.2" time="9.986" classname="Test Cases/TC_Amazon_Home_002.2" status="PASSED">
         <system-out><![CDATA[24-01-2024T13:52:07 - [TEST_CASE][PASSED] - Test Cases/TC_Amazon_Home_002.2: Test Cases/TC_Amazon_Home_002.2

24-01-2024T13:52:07 - [TEST_STEP][PASSED] - openBrowser("https://www.amazon.in/"): Browser is opened with url: 'https://www.amazon.in/'

24-01-2024T13:52:07 - [MESSAGE][WARNING] - A browser is already opened. Closing browser and opening a new one

24-01-2024T13:52:07 - [MESSAGE][INFO] - Starting 'Chrome' driver

24-01-2024T13:52:07 - [MESSAGE][INFO] - Action delay is set to 0 milliseconds

24-01-2024T13:52:10 - [MESSAGE][PASSED] - Browser is opened with url: 'https://www.amazon.in/'

24-01-2024T13:52:10 - [TEST_STEP][PASSED] - click(findTestObject("Login_Test/Amazon_TC_002.2/Page_Amazon Sign In/Page_Online Shopping site in India Shop Online for Mobiles, Books, Watches, Shoes and More - Amazon.in/span_Sign in"), STOP_ON_FAILURE): Object: 'Object Repository/Login_Test/Amazon_TC_002.2/Page_Amazon Sign In/Page_Online Shopping site in India Shop Online for Mobiles, Books, Watches, Shoes and More - Amazon.in/span_Sign in' is clicked on

24-01-2024T13:52:12 - [MESSAGE][PASSED] - Object: 'Object Repository/Login_Test/Amazon_TC_002.2/Page_Amazon Sign In/Page_Online Shopping site in India Shop Online for Mobiles, Books, Watches, Shoes and More - Amazon.in/span_Sign in' is clicked on

24-01-2024T13:52:12 - [TEST_STEP][PASSED] - setText(findTestObject("Login_Test/Amazon_TC_002.2/Page_Amazon Sign In/input_Email or mobile phone number_email"), "9939230697"): Text '9939230697' is set on object 'Object Repository/Login_Test/Amazon_TC_002.2/Page_Amazon Sign In/input_Email or mobile phone number_email'

24-01-2024T13:52:14 - [MESSAGE][PASSED] - Text '9939230697' is set on object 'Object Repository/Login_Test/Amazon_TC_002.2/Page_Amazon Sign In/input_Email or mobile phone number_email'

24-01-2024T13:52:14 - [TEST_STEP][PASSED] - click(findTestObject("Login_Test/Amazon_TC_002.2/Page_Amazon Sign In/span_Continue")): Object: 'Object Repository/Login_Test/Amazon_TC_002.2/Page_Amazon Sign In/span_Continue' is clicked on

24-01-2024T13:52:14 - [MESSAGE][PASSED] - Object: 'Object Repository/Login_Test/Amazon_TC_002.2/Page_Amazon Sign In/span_Continue' is clicked on

24-01-2024T13:52:14 - [TEST_STEP][PASSED] - setText(findTestObject("Login_Test/Amazon_TC_002.2/Page_Amazon Sign In/input_Forgot Password_password"), "aBARUA@2002"): Text 'aBARUA@2002' is set on object 'Object Repository/Login_Test/Amazon_TC_002.2/Page_Amazon Sign In/input_Forgot Password_password'

24-01-2024T13:52:16 - [MESSAGE][PASSED] - Text 'aBARUA@2002' is set on object 'Object Repository/Login_Test/Amazon_TC_002.2/Page_Amazon Sign In/input_Forgot Password_password'

24-01-2024T13:52:16 - [TEST_STEP][PASSED] - click(findTestObject("Login_Test/Amazon_TC_002.2/Page_Amazon Sign In/span_Sign in")): Object: 'Object Repository/Login_Test/Amazon_TC_002.2/Page_Amazon Sign In/span_Sign in' is clicked on

24-01-2024T13:52:17 - [MESSAGE][PASSED] - Object: 'Object Repository/Login_Test/Amazon_TC_002.2/Page_Amazon Sign In/span_Sign in' is clicked on

24-01-2024T13:52:17 - [TEST_STEP][PASSED] - closeBrowser(): Browser is closed

24-01-2024T13:52:17 - [MESSAGE][PASSED] - Browser is closed]]></system-out>
         <system-err><![CDATA[]]></system-err>
      </testcase>
      <system-out><![CDATA[24-01-2024T13:50:44 - [TEST_SUITE][FAILED] - Login_Test: Test Cases/TC_Amazon_Home_002.2 FAILED.
Reason:
com.kms.katalon.core.exception.StepFailedException: Unable to click on object 'Object Repository/Login_Test/Amazon_TC_002.2/Page_Amazon Sign In/Page_Online Shopping site in India Shop Online for Mobiles, Books, Watches, Shoes and More - Amazon.in/span_Sign in'
	at com.kms.katalon.core.webui.keyword.internal.WebUIKeywordMain.stepFailed(WebUIKeywordMain.groovy:64)
	at com.kms.katalon.core.webui.keyword.internal.WebUIKeywordMain.runKeyword(WebUIKeywordMain.groovy:26)
	at com.kms.katalon.core.webui.keyword.builtin.ClickKeyword.click(ClickKeyword.groovy:74)
	at com.kms.katalon.core.webui.keyword.builtin.ClickKeyword.execute(ClickKeyword.groovy:40)
	at com.kms.katalon.core.keyword.internal.KeywordExecutor.executeKeywordForPlatform(KeywordExecutor.groovy:74)
	at com.kms.katalon.core.webui.keyword.WebUiBuiltInKeywords.click(WebUiBuiltInKeywords.groovy:647)
	at TC_Amazon_Home_002.2.run(TC_Amazon_Home_002.2:22)
	at com.kms.katalon.core.main.ScriptEngine.run(ScriptEngine.java:194)
	at com.kms.katalon.core.main.ScriptEngine.runScriptAsRawText(ScriptEngine.java:119)
	at com.kms.katalon.core.main.TestCaseExecutor.runScript(TestCaseExecutor.java:448)
	at com.kms.katalon.core.main.TestCaseExecutor.doExecute(TestCaseExecutor.java:439)
	at com.kms.katalon.core.main.TestCaseExecutor.processExecutionPhase(TestCaseExecutor.java:418)
	at com.kms.katalon.core.main.TestCaseExecutor.accessMainPhase(TestCaseExecutor.java:410)
	at com.kms.katalon.core.main.TestCaseExecutor.execute(TestCaseExecutor.java:285)
	at com.kms.katalon.core.common.CommonExecutor.accessTestCaseMainPhase(CommonExecutor.java:65)
	at com.kms.katalon.core.main.TestSuiteExecutor.accessTestSuiteMainPhase(TestSuiteExecutor.java:148)
	at com.kms.katalon.core.main.TestSuiteExecutor.execute(TestSuiteExecutor.java:106)
	at com.kms.katalon.core.main.TestCaseMain.startTestSuite(TestCaseMain.java:180)
	at TempTestSuite1706084437531.run(TempTestSuite1706084437531.groovy:36)
	at java.base/jdk.internal.reflect.NativeMethodAccessorImpl.invoke0(Native Method)
	at java.base/jdk.internal.reflect.NativeMethodAccessorImpl.invoke(NativeMethodAccessorImpl.java:77)
	at java.base/jdk.internal.reflect.DelegatingMethodAccessorImpl.invoke(DelegatingMethodAccessorImpl.java:43)
Caused by: org.openqa.selenium.WebDriverException: disconnected: not connected to DevTools
  (failed to check if window was closed: disconnected: not connected to DevTools)
  (Session info: chrome=120.0.6099.225)
Build info: version: '3.141.59', revision: 'e82be7d358', time: '2018-11-14T08:25:53'
System info: host: 'ARNAB-ER', ip: '192.168.22.7', os.name: 'Windows 11', os.arch: 'amd64', os.version: '10.0', java.version: '17.0.7'
Driver info: com.kms.katalon.selenium.driver.CChromeDriver
Capabilities {acceptInsecureCerts: false, browserName: chrome, browserVersion: 120.0.6099.225, chrome: {chromedriverVersion: 119.0.6045.105 (38c72552c5e..., userDataDir: C:\Users\Win11\AppData\Loca...}, fedcm:accounts: true, goog:chromeOptions: {debuggerAddress: localhost:65444}, javascriptEnabled: true, networkConnectionEnabled: false, pageLoadStrategy: normal, platform: WINDOWS, platformName: WINDOWS, proxy: Proxy(), setWindowRect: true, strictFileInteractability: false, timeouts: {implicit: 0, pageLoad: 300000, script: 30000}, unhandledPromptBehavior: dismiss and notify, webauthn:extension:credBlob: true, webauthn:extension:largeBlob: true, webauthn:extension:minPinLength: true, webauthn:extension:prf: true, webauthn:virtualAuthenticators: true}
Session ID: cb77a6a9c70179089d636788b8992055
*** Element info: {Using=xpath, value=//div[@id='nav-signin-tooltip']/a/span}
	at java.base/jdk.internal.reflect.NativeConstructorAccessorImpl.newInstance0(Native Method)
	at java.base/jdk.internal.reflect.NativeConstructorAccessorImpl.newInstance(NativeConstructorAccessorImpl.java:77)
	at java.base/jdk.internal.reflect.DelegatingConstructorAccessorImpl.newInstance(DelegatingConstructorAccessorImpl.java:45)
	at org.openqa.selenium.remote.http.W3CHttpResponseCodec.createException(W3CHttpResponseCodec.java:187)
	at org.openqa.selenium.remote.http.W3CHttpResponseCodec.decode(W3CHttpResponseCodec.java:122)
	at org.openqa.selenium.remote.http.W3CHttpResponseCodec.decode(W3CHttpResponseCodec.java:49)
	at org.openqa.selenium.remote.HttpCommandExecutor.execute(HttpCommandExecutor.java:158)
	at org.openqa.selenium.remote.service.DriverCommandExecutor.execute(DriverCommandExecutor.java:83)
	at org.openqa.selenium.remote.RemoteWebDriver.execute(RemoteWebDriver.java:552)
	at com.kms.katalon.selenium.driver.CChromeDriver.execute(CChromeDriver.java:19)
	at org.openqa.selenium.remote.RemoteWebDriver.findElements(RemoteWebDriver.java:353)
	at org.openqa.selenium.remote.RemoteWebDriver.findElementsByXPath(RemoteWebDriver.java:432)
	at org.openqa.selenium.By$ByXPath.findElements(By.java:348)
	at org.openqa.selenium.remote.RemoteWebDriver.findElements(RemoteWebDriver.java:311)
	at jdk.internal.reflect.GeneratedMethodAccessor8.invoke(Unknown Source)
	at java.base/jdk.internal.reflect.DelegatingMethodAccessorImpl.invoke(DelegatingMethodAccessorImpl.java:43)
	at org.openqa.selenium.support.events.EventFiringWebDriver.lambda$new$1(EventFiringWebDriver.java:105)
	at jdk.proxy2/jdk.proxy2.$Proxy23.findElements(Unknown Source)
	at org.openqa.selenium.support.events.EventFiringWebDriver.findElements(EventFiringWebDriver.java:182)
	at com.kms.katalon.core.webui.common.WebUiCommonHelper.findElementByNormalMethods(WebUiCommonHelper.java:1025)
	at com.kms.katalon.core.webui.common.WebUiCommonHelper.findElementsBySelectedMethod(WebUiCommonHelper.java:915)
	at com.kms.katalon.core.webui.common.WebUiCommonHelper.findElementsBySelectedMethod(WebUiCommonHelper.java:897)
	at com.kms.katalon.core.webui.common.WebUiCommonHelper.findElementsBySelectedMethod(WebUiCommonHelper.java:892)
	at com.kms.katalon.core.webui.common.WebUiCommonHelper.findElementsByDefault(WebUiCommonHelper.java:888)
	at com.kms.katalon.core.webui.common.WebUiCommonHelper.findElementsWithSelfHealing(WebUiCommonHelper.java:734)
	at com.kms.katalon.core.webui.common.WebUiCommonHelper.findWebElements(WebUiCommonHelper.java:718)
	at com.kms.katalon.core.webui.common.WebUiCommonHelper.findWebElement(WebUiCommonHelper.java:1374)
	at com.kms.katalon.core.webui.keyword.internal.WebUIAbstractKeyword.findWebElement(WebUIAbstractKeyword.groovy:27)
	at com.kms.katalon.core.webui.keyword.builtin.ClickKeyword$_click_closure1.doCall(ClickKeyword.groovy:65)
	at com.kms.katalon.core.webui.keyword.builtin.ClickKeyword$_click_closure1.call(ClickKeyword.groovy)
	at com.kms.katalon.core.webui.keyword.internal.WebUIKeywordMain.runKeyword(WebUIKeywordMain.groovy:20)
	... 20 more]]></system-out>
      <system-err><![CDATA[24-01-2024T13:50:44 - [TEST_SUITE][FAILED] - Login_Test: Test Cases/TC_Amazon_Home_002.2 FAILED.
Reason:
com.kms.katalon.core.exception.StepFailedException: Unable to click on object 'Object Repository/Login_Test/Amazon_TC_002.2/Page_Amazon Sign In/Page_Online Shopping site in India Shop Online for Mobiles, Books, Watches, Shoes and More - Amazon.in/span_Sign in'
	at com.kms.katalon.core.webui.keyword.internal.WebUIKeywordMain.stepFailed(WebUIKeywordMain.groovy:64)
	at com.kms.katalon.core.webui.keyword.internal.WebUIKeywordMain.runKeyword(WebUIKeywordMain.groovy:26)
	at com.kms.katalon.core.webui.keyword.builtin.ClickKeyword.click(ClickKeyword.groovy:74)
	at com.kms.katalon.core.webui.keyword.builtin.ClickKeyword.execute(ClickKeyword.groovy:40)
	at com.kms.katalon.core.keyword.internal.KeywordExecutor.executeKeywordForPlatform(KeywordExecutor.groovy:74)
	at com.kms.katalon.core.webui.keyword.WebUiBuiltInKeywords.click(WebUiBuiltInKeywords.groovy:647)
	at TC_Amazon_Home_002.2.run(TC_Amazon_Home_002.2:22)
	at com.kms.katalon.core.main.ScriptEngine.run(ScriptEngine.java:194)
	at com.kms.katalon.core.main.ScriptEngine.runScriptAsRawText(ScriptEngine.java:119)
	at com.kms.katalon.core.main.TestCaseExecutor.runScript(TestCaseExecutor.java:448)
	at com.kms.katalon.core.main.TestCaseExecutor.doExecute(TestCaseExecutor.java:439)
	at com.kms.katalon.core.main.TestCaseExecutor.processExecutionPhase(TestCaseExecutor.java:418)
	at com.kms.katalon.core.main.TestCaseExecutor.accessMainPhase(TestCaseExecutor.java:410)
	at com.kms.katalon.core.main.TestCaseExecutor.execute(TestCaseExecutor.java:285)
	at com.kms.katalon.core.common.CommonExecutor.accessTestCaseMainPhase(CommonExecutor.java:65)
	at com.kms.katalon.core.main.TestSuiteExecutor.accessTestSuiteMainPhase(TestSuiteExecutor.java:148)
	at com.kms.katalon.core.main.TestSuiteExecutor.execute(TestSuiteExecutor.java:106)
	at com.kms.katalon.core.main.TestCaseMain.startTestSuite(TestCaseMain.java:180)
	at TempTestSuite1706084437531.run(TempTestSuite1706084437531.groovy:36)
	at java.base/jdk.internal.reflect.NativeMethodAccessorImpl.invoke0(Native Method)
	at java.base/jdk.internal.reflect.NativeMethodAccessorImpl.invoke(NativeMethodAccessorImpl.java:77)
	at java.base/jdk.internal.reflect.DelegatingMethodAccessorImpl.invoke(DelegatingMethodAccessorImpl.java:43)
Caused by: org.openqa.selenium.WebDriverException: disconnected: not connected to DevTools
  (failed to check if window was closed: disconnected: not connected to DevTools)
  (Session info: chrome=120.0.6099.225)
Build info: version: '3.141.59', revision: 'e82be7d358', time: '2018-11-14T08:25:53'
System info: host: 'ARNAB-ER', ip: '192.168.22.7', os.name: 'Windows 11', os.arch: 'amd64', os.version: '10.0', java.version: '17.0.7'
Driver info: com.kms.katalon.selenium.driver.CChromeDriver
Capabilities {acceptInsecureCerts: false, browserName: chrome, browserVersion: 120.0.6099.225, chrome: {chromedriverVersion: 119.0.6045.105 (38c72552c5e..., userDataDir: C:\Users\Win11\AppData\Loca...}, fedcm:accounts: true, goog:chromeOptions: {debuggerAddress: localhost:65444}, javascriptEnabled: true, networkConnectionEnabled: false, pageLoadStrategy: normal, platform: WINDOWS, platformName: WINDOWS, proxy: Proxy(), setWindowRect: true, strictFileInteractability: false, timeouts: {implicit: 0, pageLoad: 300000, script: 30000}, unhandledPromptBehavior: dismiss and notify, webauthn:extension:credBlob: true, webauthn:extension:largeBlob: true, webauthn:extension:minPinLength: true, webauthn:extension:prf: true, webauthn:virtualAuthenticators: true}
Session ID: cb77a6a9c70179089d636788b8992055
*** Element info: {Using=xpath, value=//div[@id='nav-signin-tooltip']/a/span}
	at java.base/jdk.internal.reflect.NativeConstructorAccessorImpl.newInstance0(Native Method)
	at java.base/jdk.internal.reflect.NativeConstructorAccessorImpl.newInstance(NativeConstructorAccessorImpl.java:77)
	at java.base/jdk.internal.reflect.DelegatingConstructorAccessorImpl.newInstance(DelegatingConstructorAccessorImpl.java:45)
	at org.openqa.selenium.remote.http.W3CHttpResponseCodec.createException(W3CHttpResponseCodec.java:187)
	at org.openqa.selenium.remote.http.W3CHttpResponseCodec.decode(W3CHttpResponseCodec.java:122)
	at org.openqa.selenium.remote.http.W3CHttpResponseCodec.decode(W3CHttpResponseCodec.java:49)
	at org.openqa.selenium.remote.HttpCommandExecutor.execute(HttpCommandExecutor.java:158)
	at org.openqa.selenium.remote.service.DriverCommandExecutor.execute(DriverCommandExecutor.java:83)
	at org.openqa.selenium.remote.RemoteWebDriver.execute(RemoteWebDriver.java:552)
	at com.kms.katalon.selenium.driver.CChromeDriver.execute(CChromeDriver.java:19)
	at org.openqa.selenium.remote.RemoteWebDriver.findElements(RemoteWebDriver.java:353)
	at org.openqa.selenium.remote.RemoteWebDriver.findElementsByXPath(RemoteWebDriver.java:432)
	at org.openqa.selenium.By$ByXPath.findElements(By.java:348)
	at org.openqa.selenium.remote.RemoteWebDriver.findElements(RemoteWebDriver.java:311)
	at jdk.internal.reflect.GeneratedMethodAccessor8.invoke(Unknown Source)
	at java.base/jdk.internal.reflect.DelegatingMethodAccessorImpl.invoke(DelegatingMethodAccessorImpl.java:43)
	at org.openqa.selenium.support.events.EventFiringWebDriver.lambda$new$1(EventFiringWebDriver.java:105)
	at jdk.proxy2/jdk.proxy2.$Proxy23.findElements(Unknown Source)
	at org.openqa.selenium.support.events.EventFiringWebDriver.findElements(EventFiringWebDriver.java:182)
	at com.kms.katalon.core.webui.common.WebUiCommonHelper.findElementByNormalMethods(WebUiCommonHelper.java:1025)
	at com.kms.katalon.core.webui.common.WebUiCommonHelper.findElementsBySelectedMethod(WebUiCommonHelper.java:915)
	at com.kms.katalon.core.webui.common.WebUiCommonHelper.findElementsBySelectedMethod(WebUiCommonHelper.java:897)
	at com.kms.katalon.core.webui.common.WebUiCommonHelper.findElementsBySelectedMethod(WebUiCommonHelper.java:892)
	at com.kms.katalon.core.webui.common.WebUiCommonHelper.findElementsByDefault(WebUiCommonHelper.java:888)
	at com.kms.katalon.core.webui.common.WebUiCommonHelper.findElementsWithSelfHealing(WebUiCommonHelper.java:734)
	at com.kms.katalon.core.webui.common.WebUiCommonHelper.findWebElements(WebUiCommonHelper.java:718)
	at com.kms.katalon.core.webui.common.WebUiCommonHelper.findWebElement(WebUiCommonHelper.java:1374)
	at com.kms.katalon.core.webui.keyword.internal.WebUIAbstractKeyword.findWebElement(WebUIAbstractKeyword.groovy:27)
	at com.kms.katalon.core.webui.keyword.builtin.ClickKeyword$_click_closure1.doCall(ClickKeyword.groovy:65)
	at com.kms.katalon.core.webui.keyword.builtin.ClickKeyword$_click_closure1.call(ClickKeyword.groovy)
	at com.kms.katalon.core.webui.keyword.internal.WebUIKeywordMain.runKeyword(WebUIKeywordMain.groovy:20)
	... 20 more]]></system-err>
   </testsuite>
</testsuites>
